12/28/2018 05:57:54 PM [nagios1].Se crea el contenedor
12/28/2018 05:58:01 PM [nagios1].Se configura el contenedor
12/28/2018 05:58:01 PM [nagios1]..Se actualizan los paquetes
12/28/2018 05:58:03 PM [nagios1]..Se instalan las dependencias
12/28/2018 05:58:03 PM [nagios1]...Se instala lynx
12/28/2018 05:58:04 PM [nagios1]...Se instala net-tools
12/28/2018 05:58:05 PM [nagios1]...Se instala traceroute
12/28/2018 05:58:06 PM [nagios1]...Se instala nmap
12/28/2018 05:58:18 PM [nagios1]...Se instala autoconf gcc libc6 make wget unzip apache2 php libapache2-mod-php7.0 libgd2-xpm-dev
12/28/2018 05:59:16 PM [nagios1]...Se instala nagios-plugins
12/28/2018 05:59:40 PM [nagios1]..Dependencias instaladas
12/28/2018 05:59:40 PM [nagios1]..Se ejecuta la pila de run definidos
12/28/2018 05:59:40 PM [nagios1]...Se ejecuta: cd /tmp; wget -O nagioscore.tar.gz https://github.com/NagiosEnterprises/nagioscore/archive/nagios-4.4.1.tar.gz 1>/dev/null
12/28/2018 05:59:43 PM [nagios1]...Se ejecuta: cd /tmp; tar xzf nagioscore.tar.gz
12/28/2018 05:59:43 PM [nagios1]...Se ejecuta: cd /tmp/nagioscore-nagios-4.4.1/; sudo ./configure --with-httpd-conf=/etc/apache2/sites-enabled 1>/dev/null
12/28/2018 05:59:48 PM [nagios1]...Se ejecuta: cd /tmp/nagioscore-nagios-4.4.1/; sudo make all 1>/dev/null
12/28/2018 06:00:22 PM [nagios1]...Se ejecuta: cd /tmp/nagioscore-nagios-4.4.1/; sudo make install-groups-users 1>/dev/null
12/28/2018 06:00:23 PM [nagios1]...Se ejecuta: cd /tmp/nagioscore-nagios-4.4.1/; sudo usermod -a -G nagios www-data
12/28/2018 06:00:23 PM [nagios1]...Se ejecuta: cd /tmp/nagioscore-nagios-4.4.1/; sudo make install 1>/dev/null
12/28/2018 06:00:24 PM [nagios1]...Se ejecuta: cd /tmp/nagioscore-nagios-4.4.1/; sudo make install-daemoninit 1>/dev/null
12/28/2018 06:00:24 PM [nagios1]...Se ejecuta: cd /tmp/nagioscore-nagios-4.4.1/; sudo make install-commandmode 1>/dev/null
12/28/2018 06:00:24 PM [nagios1]...Se ejecuta: cd /tmp/nagioscore-nagios-4.4.1/; sudo make install-config 1>/dev/null
12/28/2018 06:00:24 PM [nagios1]...Se ejecuta: cd /tmp/nagioscore-nagios-4.4.1/; sudo make install-webconf 1>/dev/null
12/28/2018 06:00:24 PM [nagios1]...Se ejecuta: sudo a2enmod rewrite 1>/dev/null
12/28/2018 06:00:24 PM [nagios1]...Se ejecuta: sudo a2enmod cgi 1>/dev/null
12/28/2018 06:00:24 PM [nagios1]...Se ejecuta: sudo ufw allow Apache
12/28/2018 06:00:24 PM [nagios1]...Se ejecuta: sudo ufw reload
12/28/2018 06:00:24 PM [nagios1]...Se ejecuta: echo "admin" | htpasswd -c -i /usr/local/nagios/etc/htpasswd.users nagiosadmin
12/28/2018 06:00:24 PM [nagios1]...Se ejecuta: cp /usr/lib/nagios/plugins/check_* /usr/local/nagios/libexec
12/28/2018 06:00:25 PM [nagios1]...Se ejecuta: mkdir /usr/local/nagios/etc/servers
12/28/2018 06:00:25 PM [nagios1]...Se ejecuta: touch /usr/local/nagios/etc/servers/clients.cfg
12/28/2018 06:00:25 PM [nagios1]...Se ejecuta: echo "cfg_dir=/usr/local/nagios/etc/servers" >> /usr/local/nagios/etc/nagios.cfg
12/28/2018 06:00:25 PM [nagios1]...Se ejecuta: sudo systemctl restart apache2.service
12/28/2018 06:00:27 PM [nagios1]...Se ejecuta: sudo systemctl start nagios.service
12/28/2018 06:00:27 PM [nagios1]..Se configuran las redes necesarias en host
12/28/2018 06:00:27 PM [nagios1]...Red intra-mgmt no existe, se crea el bridge
12/28/2018 06:00:27 PM [nagios1]..Se configuran las interfaces de red
12/28/2018 06:00:27 PM [nagios1]..Se para el contenedor
12/28/2018 06:00:31 PM [nagios1]...Se anade la red intra-mgmt a la interfaz eth0
12/28/2018 06:00:31 PM [nagios1]..Se inicia el contenedor
12/28/2018 06:00:31 PM [nagios1]..Se crea el plan de red
12/28/2018 06:00:31 PM [nagios1]...Se configura eth0
12/28/2018 06:00:31 PM [nagios1]..Se aplica el plan de red
12/28/2018 06:00:31 PM - DEBUG - [firewall1].Se crea el contenedor
12/28/2018 06:00:38 PM - DEBUG - [firewall1].Se configura el contenedor
12/28/2018 06:00:38 PM - DEBUG - [firewall1]..Se actualizan los paquetes
12/28/2018 06:00:40 PM - DEBUG - [firewall1]..Se instalan las dependencias
12/28/2018 06:00:40 PM - DEBUG - [firewall1]...Se instala lynx
12/28/2018 06:00:42 PM - DEBUG - [firewall1]...Se instala net-tools
12/28/2018 06:00:43 PM - DEBUG - [firewall1]...Se instala tcpdump
12/28/2018 06:00:45 PM - DEBUG - [firewall1]...Se instala traceroute
12/28/2018 06:00:46 PM - DEBUG - [firewall1]...Se instala nmap
12/28/2018 06:00:49 PM - DEBUG - [firewall1]...Se instala fwbuilder
12/28/2018 06:01:38 PM - DEBUG - [firewall1]...Se instala iptables
12/28/2018 06:01:41 PM - DEBUG - [firewall1]..Dependencias instaladas
12/28/2018 06:01:41 PM - DEBUG - [firewall1]..Se genera el script a correr on-boot
12/28/2018 06:01:41 PM - DEBUG - [firewall1]...Se anade: /fw.fw
12/28/2018 06:01:41 PM - DEBUG - [firewall1]...Se sube el script a firewall1/etc/init.d/
12/28/2018 06:01:41 PM - DEBUG - [firewall1]..Se configura nagios
12/28/2018 06:01:41 PM - DEBUG - [firewall1]...Se configura nagios en cliente
12/28/2018 06:02:10 PM - DEBUG - [firewall1]..Se configuran las redes necesarias en host
12/28/2018 06:02:10 PM - DEBUG - [firewall1]...Red intra-lan0 no existe, se crea el bridge
12/28/2018 06:02:10 PM - DEBUG - [firewall1]...Red intra-mgmt ya existe, no se hace nada
12/28/2018 06:02:10 PM - DEBUG - [******] Imagen detectada como ubuntu:18.04. Instalamos ifupdown.
12/28/2018 06:02:14 PM - DEBUG - [firewall1]..Se configuran las interfaces de red
12/28/2018 06:02:14 PM - DEBUG - [firewall1]..Se para el contenedor
12/28/2018 06:02:15 PM - DEBUG - [firewall1]...Se anade la red intra-lan0 a la interfaz eth1
12/28/2018 06:02:15 PM - DEBUG - [firewall1]...Se anade la red intra-mgmt a la interfaz eth2
12/28/2018 06:02:15 PM - DEBUG - [firewall1]..Se inicia el contenedor
12/28/2018 06:02:15 PM - DEBUG - [firewall1]..Se crea el plan de red
12/28/2018 06:02:15 PM - DEBUG - [firewall1]...Se configura eth0
12/28/2018 06:02:15 PM - DEBUG - [firewall1]...Se configura eth1
12/28/2018 06:02:15 PM - DEBUG - [firewall1]...Se configura eth2
12/28/2018 06:02:15 PM - DEBUG - [firewall1]..Se aplica el plan de red
12/28/2018 06:02:15 PM - DEBUG - [firewall1]...Se habilita redireccionamiento IP
12/28/2018 06:02:15 PM - DEBUG - [******]..Se ejecuta la pila de scripts literales definidos
12/28/2018 06:02:15 PM - DEBUG - [******]...Se ejecuta: lxc file push firewall/firewall.fwb firewall1/ 1>/dev/null
12/28/2018 06:02:16 PM - DEBUG - [******]...Se ejecuta: lxc exec firewall1 -- bash -c "fwb_ipt -v -f /firewall.fwb -d / -o fw.fw -i id2327X32499" 1>/dev/null
12/28/2018 06:02:16 PM - DEBUG - [******]...Se ejecuta: lxc exec firewall1 -- bash -c "/fw.fw" 1>/dev/null
12/28/2018 06:02:16 PM - DEBUG - [loadbalancer1].Se crea el contenedor
12/28/2018 06:02:23 PM - DEBUG - [loadbalancer1].Se configura el contenedor
12/28/2018 06:02:23 PM - DEBUG - [loadbalancer1]..Se actualizan los paquetes
12/28/2018 06:02:25 PM - DEBUG - [loadbalancer1]..Se instalan las dependencias
12/28/2018 06:02:25 PM - DEBUG - [loadbalancer1]...Se instala lynx
12/28/2018 06:02:27 PM - DEBUG - [loadbalancer1]...Se instala net-tools
12/28/2018 06:02:29 PM - DEBUG - [loadbalancer1]...Se instala tcpdump
12/28/2018 06:02:31 PM - DEBUG - [loadbalancer1]...Se instala traceroute
12/28/2018 06:02:32 PM - DEBUG - [loadbalancer1]...Se instala nmap
12/28/2018 06:02:35 PM - DEBUG - [loadbalancer1]...Se instala haproxy
12/28/2018 06:02:37 PM - DEBUG - [loadbalancer1]..Dependencias instaladas
12/28/2018 06:02:37 PM - DEBUG - [loadbalancer1]..Se configura nagios
12/28/2018 06:02:37 PM - DEBUG - [loadbalancer1]...Se configura nagios en cliente
12/28/2018 06:03:12 PM - DEBUG - [loadbalancer1]...Se configura nagios en servidor
12/28/2018 06:03:13 PM - DEBUG - [loadbalancer1]..Se configuran las redes necesarias en host
12/28/2018 06:03:13 PM - DEBUG - [loadbalancer1]...Red intra-lan0 ya existe, no se hace nada
12/28/2018 06:03:13 PM - DEBUG - [loadbalancer1]...Red intra-lan1 no existe, se crea el bridge
12/28/2018 06:03:13 PM - DEBUG - [loadbalancer1]...Red intra-mgmt ya existe, no se hace nada
12/28/2018 06:03:13 PM - DEBUG - [******] Imagen detectada como ubuntu:18.04. Instalamos ifupdown.
12/28/2018 06:03:16 PM - DEBUG - [loadbalancer1]..Se configuran las interfaces de red
12/28/2018 06:03:16 PM - DEBUG - [loadbalancer1]..Se para el contenedor
12/28/2018 06:03:17 PM - DEBUG - [loadbalancer1]...Se anade la red intra-lan0 a la interfaz eth0
12/28/2018 06:03:17 PM - DEBUG - [loadbalancer1]...Se anade la red intra-lan1 a la interfaz eth1
12/28/2018 06:03:17 PM - DEBUG - [loadbalancer1]...Se anade la red intra-mgmt a la interfaz eth2
12/28/2018 06:03:17 PM - DEBUG - [loadbalancer1]..Se inicia el contenedor
12/28/2018 06:03:18 PM - DEBUG - [loadbalancer1]..Se crea el plan de red
12/28/2018 06:03:18 PM - DEBUG - [loadbalancer1]...Se configura eth0
12/28/2018 06:03:18 PM - DEBUG - [loadbalancer1]...Se configura eth1
12/28/2018 06:03:18 PM - DEBUG - [loadbalancer1]...Se configura eth2
12/28/2018 06:03:18 PM - DEBUG - [loadbalancer1]..Se aplica el plan de red
12/28/2018 06:03:18 PM - DEBUG - [loadbalancer1]...Se habilita redireccionamiento IP
12/28/2018 06:03:18 PM - DEBUG - [******]..Se ejecuta la pila de scripts literales definidos
12/28/2018 06:03:18 PM - DEBUG - [******]...Se ejecuta: lxc file push ./scripts/haproxy.cfg loadbalancer1/etc/haproxy/haproxy.cfg
12/28/2018 06:03:18 PM - DEBUG - [******]...Se ejecuta: lxc exec loadbalancer1 -- bash -c "service haproxy restart"
12/28/2018 06:03:18 PM - DEBUG - [database1].Se crea el contenedor
12/28/2018 06:03:25 PM - DEBUG - [database1].Se configura el contenedor
12/28/2018 06:03:25 PM - DEBUG - [database1]..Se actualizan los paquetes
12/28/2018 06:03:27 PM - DEBUG - [database1]..Se instalan las dependencias
12/28/2018 06:03:27 PM - DEBUG - [database1]...Se instala mariadb-server
12/28/2018 06:03:56 PM - DEBUG - [database1]..Dependencias instaladas
12/28/2018 06:03:56 PM - DEBUG - [database1]..Se ejecuta la pila de run definidos
12/28/2018 06:03:56 PM - DEBUG - [database1]...Se ejecuta: sudo sed -i /etc/mysql/mariadb.conf.d/50-server.cnf -e 's/bind-address.*/bind-address=0.0.0.0/' -e 's/utf8mb4/utf8/'
12/28/2018 06:03:57 PM - DEBUG - [database1]...Se ejecuta: sudo systemctl restart mysql
12/28/2018 06:04:00 PM - DEBUG - [database1]...Se ejecuta: sudo mysqladmin -u root password xxxx
12/28/2018 06:04:00 PM - DEBUG - [database1]...Se ejecuta: sudo mysql -u root --password=xxxx -e \"CREATE USER 'quiz' IDENTIFIED BY 'xxxx';\"
12/28/2018 06:04:00 PM - DEBUG - [database1]...Se ejecuta: sudo mysql -u root --password=xxxx -e \"CREATE DATABASE quiz;\"
12/28/2018 06:04:00 PM - DEBUG - [database1]...Se ejecuta: sudo mysql -u root --password=xxxx -e \"GRANT ALL PRIVILEGES ON quiz.* to 'quiz'@'localhost' IDENTIFIED BY 'xxxx';\"
12/28/2018 06:04:00 PM - DEBUG - [database1]...Se ejecuta: sudo mysql -u root --password=xxxx -e \"GRANT ALL PRIVILEGES ON quiz.* to 'quiz'@'%' IDENTIFIED BY 'xxxx';\"
12/28/2018 06:04:00 PM - DEBUG - [database1]...Se ejecuta: sudo mysql -u root --password=xxxx -e \"FLUSH PRIVILEGES;\"
12/28/2018 06:04:00 PM - DEBUG - [database1]...Se ejecuta: sudo systemctl restart mysql
12/28/2018 06:04:03 PM - DEBUG - [database1]..Se configura nagios
12/28/2018 06:04:03 PM - DEBUG - [database1]...Se configura nagios en cliente
12/28/2018 06:04:33 PM - DEBUG - [database1]...Se configura nagios en servidor
12/28/2018 06:04:33 PM - DEBUG - [database1]..Se configuran las redes necesarias en host
12/28/2018 06:04:33 PM - DEBUG - [database1]...Red intra-lan2 no existe, se crea el bridge
12/28/2018 06:04:33 PM - DEBUG - [database1]...Red intra-mgmt ya existe, no se hace nada
12/28/2018 06:04:33 PM - DEBUG - [******] Imagen detectada como ubuntu:18.04. Instalamos ifupdown.
12/28/2018 06:04:36 PM - DEBUG - [database1]..Se configuran las interfaces de red
12/28/2018 06:04:36 PM - DEBUG - [database1]..Se para el contenedor
12/28/2018 06:04:40 PM - DEBUG - [database1]...Se anade la red intra-lan2 a la interfaz eth0
12/28/2018 06:04:40 PM - DEBUG - [database1]...Se anade la red intra-mgmt a la interfaz eth1
12/28/2018 06:04:40 PM - DEBUG - [database1]..Se inicia el contenedor
12/28/2018 06:04:40 PM - DEBUG - [database1]..Se crea el plan de red
12/28/2018 06:04:40 PM - DEBUG - [database1]...Se configura eth0
12/28/2018 06:04:40 PM - DEBUG - [database1]...Se configura eth1
12/28/2018 06:04:40 PM - DEBUG - [database1]..Se aplica el plan de red
12/28/2018 06:04:40 PM - DEBUG - [storage1].Se crea el contenedor
12/28/2018 06:04:48 PM - DEBUG - [storage1].Se configura el contenedor
12/28/2018 06:04:48 PM - DEBUG - [storage1]..Se actualizan los paquetes
12/28/2018 06:04:49 PM - DEBUG - [storage1]..Se le dan privilegios al contenedor
12/28/2018 06:04:49 PM - DEBUG - [storage1]..Se instalan las dependencias
12/28/2018 06:04:49 PM - DEBUG - [storage1]...Se instala net-tools
12/28/2018 06:04:50 PM - DEBUG - [storage1]...Se instala traceroute
12/28/2018 06:04:51 PM - DEBUG - [storage1]...Se instala glusterfs-server
12/28/2018 06:05:19 PM - DEBUG - [storage1]..Dependencias instaladas
12/28/2018 06:05:19 PM - DEBUG - [storage1]..Se configura nagios
12/28/2018 06:05:19 PM - DEBUG - [storage1]...Se configura nagios en cliente
12/28/2018 06:05:43 PM - DEBUG - [storage1]...Se configura nagios en servidor
12/28/2018 06:05:44 PM - DEBUG - [storage2]...Se configura nagios en servidor
12/28/2018 06:05:44 PM - DEBUG - [storage3]...Se configura nagios en servidor
12/28/2018 06:05:45 PM - DEBUG - [storage1]..Se configuran las redes necesarias en host
12/28/2018 06:05:45 PM - DEBUG - [storage1]...Red intra-lan2 ya existe, no se hace nada
12/28/2018 06:05:45 PM - DEBUG - [storage1]...Red intra-mgmt ya existe, no se hace nada
12/28/2018 06:05:45 PM - DEBUG - [storage1]..Se configuran las interfaces de red
12/28/2018 06:05:45 PM - DEBUG - [storage1]..Se para el contenedor
12/28/2018 06:05:46 PM - DEBUG - [storage1]...Se anade la red intra-lan2 a la interfaz eth0
12/28/2018 06:05:46 PM - DEBUG - [storage1]...Se anade la red intra-mgmt a la interfaz eth1
12/28/2018 06:05:47 PM - DEBUG - [storage1]..Se inicia el contenedor
12/28/2018 06:05:48 PM - DEBUG - [storage1]..Se crea el plan de red
12/28/2018 06:05:48 PM - DEBUG - [storage1]...Se configura eth0
12/28/2018 06:05:48 PM - DEBUG - [storage1]...Se configura eth1
12/28/2018 06:05:48 PM - DEBUG - [storage1]..Se aplica el plan de red
12/28/2018 06:05:48 PM - DEBUG - [storage2].Se crea el contenedor
12/28/2018 06:05:55 PM - DEBUG - [storage2].Se configura el contenedor
12/28/2018 06:05:55 PM - DEBUG - [storage2]..Se actualizan los paquetes
12/28/2018 06:06:02 PM - DEBUG - [storage2]..Se le dan privilegios al contenedor
12/28/2018 06:06:02 PM - DEBUG - [storage2]..Se instalan las dependencias
12/28/2018 06:06:02 PM - DEBUG - [storage2]...Se instala net-tools
12/28/2018 06:06:03 PM - DEBUG - [storage2]...Se instala traceroute
12/28/2018 06:06:04 PM - DEBUG - [storage2]...Se instala glusterfs-server
12/28/2018 06:06:31 PM - DEBUG - [storage2]..Dependencias instaladas
12/28/2018 06:06:31 PM - DEBUG - [storage2]..Se configuran las redes necesarias en host
12/28/2018 06:06:31 PM - DEBUG - [storage2]...Red intra-lan2 ya existe, no se hace nada
12/28/2018 06:06:31 PM - DEBUG - [storage2]...Red intra-mgmt ya existe, no se hace nada
12/28/2018 06:06:31 PM - DEBUG - [storage2]..Se configuran las interfaces de red
12/28/2018 06:06:31 PM - DEBUG - [storage2]..Se para el contenedor
12/28/2018 06:06:33 PM - DEBUG - [storage2]...Se anade la red intra-lan2 a la interfaz eth0
12/28/2018 06:06:33 PM - DEBUG - [storage2]...Se anade la red intra-mgmt a la interfaz eth1
12/28/2018 06:06:33 PM - DEBUG - [storage2]..Se inicia el contenedor
12/28/2018 06:06:34 PM - DEBUG - [storage2]..Se crea el plan de red
12/28/2018 06:06:34 PM - DEBUG - [storage2]...Se configura eth0
12/28/2018 06:06:34 PM - DEBUG - [storage2]...Se configura eth1
12/28/2018 06:06:34 PM - DEBUG - [storage2]..Se aplica el plan de red
12/28/2018 06:06:34 PM - DEBUG - [storage3].Se crea el contenedor
12/28/2018 06:06:41 PM - DEBUG - [storage3].Se configura el contenedor
12/28/2018 06:06:41 PM - DEBUG - [storage3]..Se actualizan los paquetes
12/28/2018 06:06:43 PM - DEBUG - [storage3]..Se le dan privilegios al contenedor
12/28/2018 06:06:43 PM - DEBUG - [storage3]..Se instalan las dependencias
12/28/2018 06:06:43 PM - DEBUG - [storage3]...Se instala net-tools
12/28/2018 06:06:43 PM - DEBUG - [storage3]...Se instala traceroute
12/28/2018 06:06:44 PM - DEBUG - [storage3]...Se instala glusterfs-server
12/28/2018 06:07:11 PM - DEBUG - [storage3]..Dependencias instaladas
12/28/2018 06:07:11 PM - DEBUG - [storage3]..Se configuran las redes necesarias en host
12/28/2018 06:07:11 PM - DEBUG - [storage3]...Red intra-lan2 ya existe, no se hace nada
12/28/2018 06:07:11 PM - DEBUG - [storage3]...Red intra-mgmt ya existe, no se hace nada
12/28/2018 06:07:11 PM - DEBUG - [storage3]..Se configuran las interfaces de red
12/28/2018 06:07:11 PM - DEBUG - [storage3]..Se para el contenedor
12/28/2018 06:07:13 PM - DEBUG - [storage3]...Se anade la red intra-lan2 a la interfaz eth0
12/28/2018 06:07:13 PM - DEBUG - [storage3]...Se anade la red intra-mgmt a la interfaz eth1
12/28/2018 06:07:13 PM - DEBUG - [storage3]..Se inicia el contenedor
12/28/2018 06:07:15 PM - DEBUG - [storage3]..Se crea el plan de red
12/28/2018 06:07:15 PM - DEBUG - [storage3]...Se configura eth0
12/28/2018 06:07:15 PM - DEBUG - [storage3]...Se configura eth1
12/28/2018 06:07:15 PM - DEBUG - [storage3]..Se aplica el plan de red
12/28/2018 06:07:15 PM - DEBUG - [******]..Se ejecuta la pila de scripts literales definidos
12/28/2018 06:07:15 PM - DEBUG - [******]...Se ejecuta: lxc exec storage1 -- bash -c  "gluster peer probe 10.1.2.6"
12/28/2018 06:07:15 PM - DEBUG - [******]...Se ejecuta: lxc exec storage1 -- bash -c  "gluster peer probe 10.1.2.7"
12/28/2018 06:07:15 PM - DEBUG - [******]...Se ejecuta: lxc exec storage1 -- bash -c  "gluster volume create nas replica 3 10.1.2.5:/nas/ 10.1.2.6:/nas/ 10.1.2.7:/nas/ force"
12/28/2018 06:07:15 PM - DEBUG - [******]...Se ejecuta: lxc exec storage1 -- bash -c  "gluster volume start nas"
12/28/2018 06:07:15 PM - DEBUG - [******]...Se ejecuta: lxc config set storage1 security.privileged false
12/28/2018 06:07:15 PM - DEBUG - [******]...Se ejecuta: lxc config set storage2 security.privileged false
12/28/2018 06:07:15 PM - DEBUG - [******]...Se ejecuta: lxc config set storage3 security.privileged false
12/28/2018 06:07:16 PM - DEBUG - [******] NOTE that storage containers were created with privileges!!!! It is your responsability to turn each container privileges off!!!!
12/28/2018 06:07:16 PM - DEBUG - [webserver1].Se crea el contenedor
12/28/2018 06:07:22 PM - DEBUG - [webserver1].Se configura el contenedor
12/28/2018 06:07:22 PM - DEBUG - [webserver1]..Se actualizan los paquetes
12/28/2018 06:07:24 PM - DEBUG - [webserver1]..Se instalan las dependencias
12/28/2018 06:07:24 PM - DEBUG - [webserver1]...Se instala lynx
12/28/2018 06:07:26 PM - DEBUG - [webserver1]...Se instala net-tools
12/28/2018 06:07:27 PM - DEBUG - [webserver1]...Se instala git
12/28/2018 06:07:35 PM - DEBUG - [webserver1]...Se instala npm
12/28/2018 06:08:11 PM - DEBUG - [webserver1]...Se instala mariadb-client
12/28/2018 06:08:16 PM - DEBUG - [webserver1]...Se instala glusterfs-client
12/28/2018 06:08:31 PM - DEBUG - [webserver1]..Dependencias instaladas
12/28/2018 06:08:31 PM - DEBUG - [webserver1]..Se configuran las variables de entorno
12/28/2018 06:08:31 PM - DEBUG - [webserver1]...Se anade: DATABASE_URL=mysql://quiz:xxxx@10.1.2.4/quiz
12/28/2018 06:08:31 PM - DEBUG - [webserver1]...Se anade: QUIZ_OPEN_REGISTER=yes
12/28/2018 06:08:32 PM - DEBUG - [webserver1]..Se ejecuta la pila de run definidos
12/28/2018 06:08:32 PM - DEBUG - [webserver1]...Se ejecuta: git clone https://github.com/CORE-UPM/quiz_2019.git /root/quiz_2019 1>/dev/null
12/28/2018 06:08:33 PM - DEBUG - [webserver1]...Se ejecuta: mkdir /root/quiz_2019/public/uploads
12/28/2018 06:08:33 PM - DEBUG - [webserver1]...Se ejecuta: cd /root/quiz_2019; npm install 1>/dev/null
12/28/2018 06:09:00 PM - DEBUG - [webserver1]...Se ejecuta: cd /root/quiz_2019; npm install -g forever 1>/dev/null
12/28/2018 06:09:12 PM - DEBUG - [webserver1]...Se ejecuta: cd /root/quiz_2019; npm install --save mysql2 1>/dev/null
12/28/2018 06:09:15 PM - DEBUG - [webserver1]..Se genera el script a correr on-boot
12/28/2018 06:09:15 PM - DEBUG - [webserver1]...Se anade: export DATABASE_URL=mysql://quiz:xxxx@10.1.2.4/quiz
12/28/2018 06:09:15 PM - DEBUG - [webserver1]...Se anade: export QUIZ_OPEN_REGISTER=yes
12/28/2018 06:09:15 PM - DEBUG - [webserver1]...Se anade: forever start /root/quiz_2019/bin/www
12/28/2018 06:09:15 PM - DEBUG - [webserver1]...Se sube el script a webserver1/etc/init.d/
12/28/2018 06:09:16 PM - DEBUG - [webserver1]..Se configura nagios
12/28/2018 06:09:16 PM - DEBUG - [webserver1]...Se configura nagios en cliente
12/28/2018 06:09:40 PM - DEBUG - [webserver1]...Se configura nagios en servidor
12/28/2018 06:09:41 PM - DEBUG - [webserver2]...Se configura nagios en servidor
12/28/2018 06:09:41 PM - DEBUG - [webserver3]...Se configura nagios en servidor
12/28/2018 06:09:41 PM - DEBUG - [webserver1]..Se configuran las redes necesarias en host
12/28/2018 06:09:41 PM - DEBUG - [webserver1]...Red intra-lan1 ya existe, no se hace nada
12/28/2018 06:09:41 PM - DEBUG - [webserver1]...Red intra-lan2 ya existe, no se hace nada
12/28/2018 06:09:41 PM - DEBUG - [webserver1]...Red intra-mgmt ya existe, no se hace nada
12/28/2018 06:09:41 PM - DEBUG - [******] Imagen detectada como ubuntu:18.04. Instalamos ifupdown.
12/28/2018 06:09:45 PM - DEBUG - [webserver1]..Se configuran las interfaces de red
12/28/2018 06:09:45 PM - DEBUG - [webserver1]..Se para el contenedor
12/28/2018 06:09:46 PM - DEBUG - [webserver1]...Se anade la red intra-lan1 a la interfaz eth0
12/28/2018 06:09:46 PM - DEBUG - [webserver1]...Se anade la red intra-lan2 a la interfaz eth1
12/28/2018 06:09:46 PM - DEBUG - [webserver1]...Se anade la red intra-mgmt a la interfaz eth2
12/28/2018 06:09:46 PM - DEBUG - [webserver1]..Se inicia el contenedor
12/28/2018 06:09:46 PM - DEBUG - [webserver1]..Se crea el plan de red
12/28/2018 06:09:46 PM - DEBUG - [webserver1]...Se configura eth0
12/28/2018 06:09:46 PM - DEBUG - [webserver1]...Se configura eth1
12/28/2018 06:09:46 PM - DEBUG - [webserver1]...Se configura eth2
12/28/2018 06:09:46 PM - DEBUG - [webserver1]..Se aplica el plan de red
12/28/2018 06:09:46 PM - DEBUG - [webserver1]...Se habilita redireccionamiento IP
12/28/2018 06:09:46 PM - DEBUG - [webserver2].Se crea el contenedor
12/28/2018 06:09:53 PM - DEBUG - [webserver2].Se configura el contenedor
12/28/2018 06:09:53 PM - DEBUG - [webserver2]..Se actualizan los paquetes
12/28/2018 06:09:55 PM - DEBUG - [webserver2]..Se instalan las dependencias
12/28/2018 06:09:55 PM - DEBUG - [webserver2]...Se instala lynx
12/28/2018 06:09:57 PM - DEBUG - [webserver2]...Se instala net-tools
12/28/2018 06:09:59 PM - DEBUG - [webserver2]...Se instala git
12/28/2018 06:10:07 PM - DEBUG - [webserver2]...Se instala npm
12/28/2018 06:10:42 PM - DEBUG - [webserver2]...Se instala mariadb-client
12/28/2018 06:10:48 PM - DEBUG - [webserver2]...Se instala glusterfs-client
12/28/2018 06:11:03 PM - DEBUG - [webserver2]..Dependencias instaladas
12/28/2018 06:11:03 PM - DEBUG - [webserver2]..Se configuran las variables de entorno
12/28/2018 06:11:03 PM - DEBUG - [webserver2]...Se anade: DATABASE_URL=mysql://quiz:xxxx@10.1.2.4/quiz
12/28/2018 06:11:04 PM - DEBUG - [webserver2]...Se anade: QUIZ_OPEN_REGISTER=yes
12/28/2018 06:11:04 PM - DEBUG - [webserver2]..Se ejecuta la pila de run definidos
12/28/2018 06:11:04 PM - DEBUG - [webserver2]...Se ejecuta: git clone https://github.com/CORE-UPM/quiz_2019.git /root/quiz_2019 1>/dev/null
12/28/2018 06:11:05 PM - DEBUG - [webserver2]...Se ejecuta: mkdir /root/quiz_2019/public/uploads
12/28/2018 06:11:05 PM - DEBUG - [webserver2]...Se ejecuta: cd /root/quiz_2019; npm install 1>/dev/null
12/28/2018 06:11:32 PM - DEBUG - [webserver2]...Se ejecuta: cd /root/quiz_2019; npm install -g forever 1>/dev/null
12/28/2018 06:11:47 PM - DEBUG - [webserver2]...Se ejecuta: cd /root/quiz_2019; npm install --save mysql2 1>/dev/null
12/28/2018 06:11:50 PM - DEBUG - [webserver2]..Se genera el script a correr on-boot
12/28/2018 06:11:50 PM - DEBUG - [webserver2]...Se anade: export DATABASE_URL=mysql://quiz:xxxx@10.1.2.4/quiz
12/28/2018 06:11:50 PM - DEBUG - [webserver2]...Se anade: export QUIZ_OPEN_REGISTER=yes
12/28/2018 06:11:50 PM - DEBUG - [webserver2]...Se anade: forever start /root/quiz_2019/bin/www
12/28/2018 06:11:50 PM - DEBUG - [webserver2]...Se sube el script a webserver2/etc/init.d/
12/28/2018 06:11:50 PM - DEBUG - [webserver2]..Se configuran las redes necesarias en host
12/28/2018 06:11:50 PM - DEBUG - [webserver2]...Red intra-lan1 ya existe, no se hace nada
12/28/2018 06:11:50 PM - DEBUG - [webserver2]...Red intra-lan2 ya existe, no se hace nada
12/28/2018 06:11:50 PM - DEBUG - [webserver2]...Red intra-mgmt ya existe, no se hace nada
12/28/2018 06:11:50 PM - DEBUG - [******] Imagen detectada como ubuntu:18.04. Instalamos ifupdown.
12/28/2018 06:11:54 PM - DEBUG - [webserver2]..Se configuran las interfaces de red
12/28/2018 06:11:54 PM - DEBUG - [webserver2]..Se para el contenedor
12/28/2018 06:11:55 PM - DEBUG - [webserver2]...Se anade la red intra-lan1 a la interfaz eth0
12/28/2018 06:11:55 PM - DEBUG - [webserver2]...Se anade la red intra-lan2 a la interfaz eth1
12/28/2018 06:11:55 PM - DEBUG - [webserver2]...Se anade la red intra-mgmt a la interfaz eth2
12/28/2018 06:11:55 PM - DEBUG - [webserver2]..Se inicia el contenedor
12/28/2018 06:11:56 PM - DEBUG - [webserver2]..Se crea el plan de red
12/28/2018 06:11:56 PM - DEBUG - [webserver2]...Se configura eth0
12/28/2018 06:11:56 PM - DEBUG - [webserver2]...Se configura eth1
12/28/2018 06:11:56 PM - DEBUG - [webserver2]...Se configura eth2
12/28/2018 06:11:56 PM - DEBUG - [webserver2]..Se aplica el plan de red
12/28/2018 06:11:56 PM - DEBUG - [webserver2]...Se habilita redireccionamiento IP
12/28/2018 06:11:56 PM - DEBUG - [webserver3].Se crea el contenedor
12/28/2018 06:12:03 PM - DEBUG - [webserver3].Se configura el contenedor
12/28/2018 06:12:03 PM - DEBUG - [webserver3]..Se actualizan los paquetes
12/28/2018 06:12:11 PM - DEBUG - [webserver3]..Se instalan las dependencias
12/28/2018 06:12:11 PM - DEBUG - [webserver3]...Se instala lynx
12/28/2018 06:12:13 PM - DEBUG - [webserver3]...Se instala net-tools
12/28/2018 06:12:15 PM - DEBUG - [webserver3]...Se instala git
12/28/2018 06:12:23 PM - DEBUG - [webserver3]...Se instala npm
12/28/2018 06:13:00 PM - DEBUG - [webserver3]...Se instala mariadb-client
12/28/2018 06:13:05 PM - DEBUG - [webserver3]...Se instala glusterfs-client
12/28/2018 06:13:21 PM - DEBUG - [webserver3]..Dependencias instaladas
12/28/2018 06:13:21 PM - DEBUG - [webserver3]..Se configuran las variables de entorno
12/28/2018 06:13:21 PM - DEBUG - [webserver3]...Se anade: DATABASE_URL=mysql://quiz:xxxx@10.1.2.4/quiz
12/28/2018 06:13:21 PM - DEBUG - [webserver3]...Se anade: QUIZ_OPEN_REGISTER=yes
12/28/2018 06:13:21 PM - DEBUG - [webserver3]..Se ejecuta la pila de run definidos
12/28/2018 06:13:21 PM - DEBUG - [webserver3]...Se ejecuta: git clone https://github.com/CORE-UPM/quiz_2019.git /root/quiz_2019 1>/dev/null
12/28/2018 06:13:23 PM - DEBUG - [webserver3]...Se ejecuta: mkdir /root/quiz_2019/public/uploads
12/28/2018 06:13:23 PM - DEBUG - [webserver3]...Se ejecuta: cd /root/quiz_2019; npm install 1>/dev/null
12/28/2018 06:13:50 PM - DEBUG - [webserver3]...Se ejecuta: cd /root/quiz_2019; npm install -g forever 1>/dev/null
12/28/2018 06:14:01 PM - DEBUG - [webserver3]...Se ejecuta: cd /root/quiz_2019; npm install --save mysql2 1>/dev/null
12/28/2018 06:14:04 PM - DEBUG - [webserver3]..Se genera el script a correr on-boot
12/28/2018 06:14:04 PM - DEBUG - [webserver3]...Se anade: export DATABASE_URL=mysql://quiz:xxxx@10.1.2.4/quiz
12/28/2018 06:14:04 PM - DEBUG - [webserver3]...Se anade: export QUIZ_OPEN_REGISTER=yes
12/28/2018 06:14:04 PM - DEBUG - [webserver3]...Se anade: forever start /root/quiz_2019/bin/www
12/28/2018 06:14:04 PM - DEBUG - [webserver3]...Se sube el script a webserver3/etc/init.d/
12/28/2018 06:14:04 PM - DEBUG - [webserver3]..Se configuran las redes necesarias en host
12/28/2018 06:14:04 PM - DEBUG - [webserver3]...Red intra-lan1 ya existe, no se hace nada
12/28/2018 06:14:04 PM - DEBUG - [webserver3]...Red intra-lan2 ya existe, no se hace nada
12/28/2018 06:14:04 PM - DEBUG - [webserver3]...Red intra-mgmt ya existe, no se hace nada
12/28/2018 06:14:04 PM - DEBUG - [******] Imagen detectada como ubuntu:18.04. Instalamos ifupdown.
12/28/2018 06:14:08 PM - DEBUG - [webserver3]..Se configuran las interfaces de red
12/28/2018 06:14:08 PM - DEBUG - [webserver3]..Se para el contenedor
12/28/2018 06:14:09 PM - DEBUG - [webserver3]...Se anade la red intra-lan1 a la interfaz eth0
12/28/2018 06:14:09 PM - DEBUG - [webserver3]...Se anade la red intra-lan2 a la interfaz eth1
12/28/2018 06:14:09 PM - DEBUG - [webserver3]...Se anade la red intra-mgmt a la interfaz eth2
12/28/2018 06:14:09 PM - DEBUG - [webserver3]..Se inicia el contenedor
12/28/2018 06:14:10 PM - DEBUG - [webserver3]..Se crea el plan de red
12/28/2018 06:14:10 PM - DEBUG - [webserver3]...Se configura eth0
12/28/2018 06:14:10 PM - DEBUG - [webserver3]...Se configura eth1
12/28/2018 06:14:10 PM - DEBUG - [webserver3]...Se configura eth2
12/28/2018 06:14:10 PM - DEBUG - [webserver3]..Se aplica el plan de red
12/28/2018 06:14:10 PM - DEBUG - [webserver3]...Se habilita redireccionamiento IP
12/28/2018 06:14:10 PM - DEBUG - [******]..Se ejecuta la pila de scripts literales definidos
12/28/2018 06:14:10 PM - DEBUG - [******]...Se ejecuta: lxc exec webserver1 -- bash -c "export DATABASE_URL=mysql://quiz:xxxx@10.1.2.4/quiz; export QUIZ_OPEN_REGISTER=yes; cd /root/quiz_2019; npm run-script migrate_cdps"
12/28/2018 06:14:13 PM - DEBUG - [******]...Se ejecuta: lxc exec webserver1 -- bash -c "export DATABASE_URL=mysql://quiz:xxxx@10.1.2.4/quiz; export QUIZ_OPEN_REGISTER=yes; cd /root/quiz_2019; npm run-script seed_cdps"
12/28/2018 06:14:15 PM - DEBUG - [******]...Se ejecuta: lxc exec webserver1 -- bash -c "mount -t glusterfs 10.1.2.5:/nas /root/quiz_2019/public/uploads"
12/28/2018 06:14:15 PM - DEBUG - [******]...Se ejecuta: lxc exec webserver2 -- bash -c "mount -t glusterfs 10.1.2.6:/nas /root/quiz_2019/public/uploads"
12/28/2018 06:14:15 PM - DEBUG - [******]...Se ejecuta: lxc exec webserver3 -- bash -c "mount -t glusterfs 10.1.2.7:/nas /root/quiz_2019/public/uploads"
